[debug] [2025-05-29T05:52:35.943Z] ----------------------------------------------------------------------
[debug] [2025-05-29T05:52:35.946Z] Command:       /nix/store/rbdrkcs5kkwpalxcd7c6bnm33lk2955n-nodejs-20.19.0/bin/node /nix/store/x1y0l2xj62jgmz6csprhhqzibvdggdpk-firebase-tools-14.3.1/lib/node_modules/firebase-tools/lib/bin/firebase.js init hosting
[debug] [2025-05-29T05:52:35.947Z] CLI Version:   14.3.1
[debug] [2025-05-29T05:52:35.947Z] Platform:      linux
[debug] [2025-05-29T05:52:35.947Z] Node Version:  v20.19.0
[debug] [2025-05-29T05:52:35.947Z] Time:          Thu May 29 2025 05:52:35 GMT+0000 (Coordinated Universal Time)
[debug] [2025-05-29T05:52:35.948Z] ----------------------------------------------------------------------
[debug] 
[debug] [2025-05-29T05:52:35.954Z] > command requires scopes: ["email","openid","https://www.googleapis.com/auth/cloudplatformprojects.readonly","https://www.googleapis.com/auth/firebase","https://www.googleapis.com/auth/cloud-platform"]
[debug] [2025-05-29T05:52:35.955Z] > authorizing via signed-in user (eddteller@gmail.com)
[info] 
     ######## #### ########  ######## ########     ###     ######  ########
     ##        ##  ##     ## ##       ##     ##  ##   ##  ##       ##
     ######    ##  ########  ######   ########  #########  ######  ######
     ##        ##  ##    ##  ##       ##     ## ##     ##       ## ##
     ##       #### ##     ## ######## ########  ##     ##  ######  ########

You're about to initialize a Firebase project in this directory:

  /home/user/warp

[info] 
=== Project Setup
[info] 
[info] First, let's associate this project directory with a Firebase project.
[info] You can create multiple project aliases by running firebase use --add, 
[info] but for now we'll just set up a default project.
[info] 
[info] i  If you want to create a project in a Google Cloud organization or folder, please use "firebase projects:create" instead, and return to this command when you've created the project. 
[debug] [2025-05-29T05:52:55.393Z] Checked if tokens are valid: true, expires at: 1748501490660
[debug] [2025-05-29T05:52:55.393Z] Checked if tokens are valid: true, expires at: 1748501490660
[debug] [2025-05-29T05:52:55.401Z] >>> [apiv2][query] POST https://cloudresourcemanager.googleapis.com/v1/projects [none]
[debug] [2025-05-29T05:52:55.403Z] >>> [apiv2][body] POST https://cloudresourcemanager.googleapis.com/v1/projects {"projectId":"warpweb","name":"warpweb"}
[debug] [2025-05-29T05:52:55.730Z] <<< [apiv2][status] POST https://cloudresourcemanager.googleapis.com/v1/projects 200
[debug] [2025-05-29T05:52:55.730Z] <<< [apiv2][body] POST https://cloudresourcemanager.googleapis.com/v1/projects {"name":"operations/create_project.global.7703535457785964374"}
[debug] [2025-05-29T05:52:55.736Z] Checked if tokens are valid: true, expires at: 1748501490660
[debug] [2025-05-29T05:52:55.736Z] Checked if tokens are valid: true, expires at: 1748501490660
[debug] [2025-05-29T05:52:55.737Z] >>> [apiv2][query] GET https://cloudresourcemanager.googleapis.com/v1/operations/create_project.global.7703535457785964374 [none]
[debug] [2025-05-29T05:52:55.878Z] <<< [apiv2][status] GET https://cloudresourcemanager.googleapis.com/v1/operations/create_project.global.7703535457785964374 200
[debug] [2025-05-29T05:52:55.879Z] <<< [apiv2][body] GET https://cloudresourcemanager.googleapis.com/v1/operations/create_project.global.7703535457785964374 {"name":"operations/create_project.global.7703535457785964374"}
[debug] [2025-05-29T05:52:56.382Z] [Project Creation Poller] Retrying task index 0
[debug] [2025-05-29T05:52:56.385Z] Checked if tokens are valid: true, expires at: 1748501490660
[debug] [2025-05-29T05:52:56.385Z] Checked if tokens are valid: true, expires at: 1748501490660
[debug] [2025-05-29T05:52:56.386Z] >>> [apiv2][query] GET https://cloudresourcemanager.googleapis.com/v1/operations/create_project.global.7703535457785964374 [none]
[debug] [2025-05-29T05:52:56.476Z] <<< [apiv2][status] GET https://cloudresourcemanager.googleapis.com/v1/operations/create_project.global.7703535457785964374 200
[debug] [2025-05-29T05:52:56.476Z] <<< [apiv2][body] GET https://cloudresourcemanager.googleapis.com/v1/operations/create_project.global.7703535457785964374 {"name":"operations/create_project.global.7703535457785964374"}
[debug] [2025-05-29T05:52:57.479Z] [Project Creation Poller] Retrying task index 0
[debug] [2025-05-29T05:52:57.480Z] Checked if tokens are valid: true, expires at: 1748501490660
[debug] [2025-05-29T05:52:57.480Z] Checked if tokens are valid: true, expires at: 1748501490660
[debug] [2025-05-29T05:52:57.480Z] >>> [apiv2][query] GET https://cloudresourcemanager.googleapis.com/v1/operations/create_project.global.7703535457785964374 [none]
[debug] [2025-05-29T05:52:57.556Z] <<< [apiv2][status] GET https://cloudresourcemanager.googleapis.com/v1/operations/create_project.global.7703535457785964374 200
[debug] [2025-05-29T05:52:57.559Z] <<< [apiv2][body] GET https://cloudresourcemanager.googleapis.com/v1/operations/create_project.global.7703535457785964374 {"name":"operations/create_project.global.7703535457785964374","metadata":{"@type":"type.googleapis.com/google.cloudresourcemanager.v1.ProjectCreationStatus","gettable":true,"ready":true},"done":true,"response":{"@type":"type.googleapis.com/google.cloudresourcemanager.v1.Project","projectNumber":"1095854825858","projectId":"warpweb","lifecycleState":"ACTIVE","name":"warpweb","createTime":"2025-05-29T05:52:56.501950Z"}}
[debug] [2025-05-29T05:52:57.561Z] Checked if tokens are valid: true, expires at: 1748501490660
[debug] [2025-05-29T05:52:57.561Z] Checked if tokens are valid: true, expires at: 1748501490660
[debug] [2025-05-29T05:52:57.561Z] >>> [apiv2][query] POST https://firebase.googleapis.com/v1beta1/projects/warpweb:addFirebase [none]
[debug] [2025-05-29T05:53:00.187Z] <<< [apiv2][status] POST https://firebase.googleapis.com/v1beta1/projects/warpweb:addFirebase 200
[debug] [2025-05-29T05:53:00.188Z] <<< [apiv2][body] POST https://firebase.googleapis.com/v1beta1/projects/warpweb:addFirebase {"name":"operations/workflows/N2RhN2VlYWMtYzM1Yy00YTA1LTg1MTMtOWVlMWRkOWNjM2Iy"}
[debug] [2025-05-29T05:53:00.189Z] Checked if tokens are valid: true, expires at: 1748501490660
[debug] [2025-05-29T05:53:00.189Z] Checked if tokens are valid: true, expires at: 1748501490660
[debug] [2025-05-29T05:53:00.189Z] >>> [apiv2][query] GET https://firebase.googleapis.com/v1beta1/operations/workflows/N2RhN2VlYWMtYzM1Yy00YTA1LTg1MTMtOWVlMWRkOWNjM2Iy [none]
[debug] [2025-05-29T05:53:05.921Z] <<< [apiv2][status] GET https://firebase.googleapis.com/v1beta1/operations/workflows/N2RhN2VlYWMtYzM1Yy00YTA1LTg1MTMtOWVlMWRkOWNjM2Iy 200
[debug] [2025-05-29T05:53:05.922Z] <<< [apiv2][body] GET https://firebase.googleapis.com/v1beta1/operations/workflows/N2RhN2VlYWMtYzM1Yy00YTA1LTg1MTMtOWVlMWRkOWNjM2Iy {"name":"operations/workflows/N2RhN2VlYWMtYzM1Yy00YTA1LTg1MTMtOWVlMWRkOWNjM2Iy"}
[debug] [2025-05-29T05:53:06.423Z] [Add Firebase Poller] Retrying task index 0
[debug] [2025-05-29T05:53:06.424Z] Checked if tokens are valid: true, expires at: 1748501490660
[debug] [2025-05-29T05:53:06.424Z] Checked if tokens are valid: true, expires at: 1748501490660
[debug] [2025-05-29T05:53:06.424Z] >>> [apiv2][query] GET https://firebase.googleapis.com/v1beta1/operations/workflows/N2RhN2VlYWMtYzM1Yy00YTA1LTg1MTMtOWVlMWRkOWNjM2Iy [none]
[debug] [2025-05-29T05:53:07.003Z] <<< [apiv2][status] GET https://firebase.googleapis.com/v1beta1/operations/workflows/N2RhN2VlYWMtYzM1Yy00YTA1LTg1MTMtOWVlMWRkOWNjM2Iy 200
[debug] [2025-05-29T05:53:07.003Z] <<< [apiv2][body] GET https://firebase.googleapis.com/v1beta1/operations/workflows/N2RhN2VlYWMtYzM1Yy00YTA1LTg1MTMtOWVlMWRkOWNjM2Iy {"name":"operations/workflows/N2RhN2VlYWMtYzM1Yy00YTA1LTg1MTMtOWVlMWRkOWNjM2Iy"}
[debug] [2025-05-29T05:53:08.008Z] [Add Firebase Poller] Retrying task index 0
[debug] [2025-05-29T05:53:08.010Z] Checked if tokens are valid: true, expires at: 1748501490660
[debug] [2025-05-29T05:53:08.010Z] Checked if tokens are valid: true, expires at: 1748501490660
[debug] [2025-05-29T05:53:08.011Z] >>> [apiv2][query] GET https://firebase.googleapis.com/v1beta1/operations/workflows/N2RhN2VlYWMtYzM1Yy00YTA1LTg1MTMtOWVlMWRkOWNjM2Iy [none]
[debug] [2025-05-29T05:53:08.351Z] <<< [apiv2][status] GET https://firebase.googleapis.com/v1beta1/operations/workflows/N2RhN2VlYWMtYzM1Yy00YTA1LTg1MTMtOWVlMWRkOWNjM2Iy 200
[debug] [2025-05-29T05:53:08.351Z] <<< [apiv2][body] GET https://firebase.googleapis.com/v1beta1/operations/workflows/N2RhN2VlYWMtYzM1Yy00YTA1LTg1MTMtOWVlMWRkOWNjM2Iy {"name":"operations/workflows/N2RhN2VlYWMtYzM1Yy00YTA1LTg1MTMtOWVlMWRkOWNjM2Iy"}
[debug] [2025-05-29T05:53:10.353Z] [Add Firebase Poller] Retrying task index 0
[debug] [2025-05-29T05:53:10.354Z] Checked if tokens are valid: true, expires at: 1748501490660
[debug] [2025-05-29T05:53:10.354Z] Checked if tokens are valid: true, expires at: 1748501490660
[debug] [2025-05-29T05:53:10.355Z] >>> [apiv2][query] GET https://firebase.googleapis.com/v1beta1/operations/workflows/N2RhN2VlYWMtYzM1Yy00YTA1LTg1MTMtOWVlMWRkOWNjM2Iy [none]
[debug] [2025-05-29T05:53:10.653Z] <<< [apiv2][status] GET https://firebase.googleapis.com/v1beta1/operations/workflows/N2RhN2VlYWMtYzM1Yy00YTA1LTg1MTMtOWVlMWRkOWNjM2Iy 200
[debug] [2025-05-29T05:53:10.653Z] <<< [apiv2][body] GET https://firebase.googleapis.com/v1beta1/operations/workflows/N2RhN2VlYWMtYzM1Yy00YTA1LTg1MTMtOWVlMWRkOWNjM2Iy {"name":"operations/workflows/N2RhN2VlYWMtYzM1Yy00YTA1LTg1MTMtOWVlMWRkOWNjM2Iy","done":true,"response":{"@type":"type.googleapis.com/google.firebase.service.v1beta1.FirebaseProject","projectId":"warpweb","projectNumber":"1095854825858","displayName":"warpweb","name":"projects/warpweb","resources":{"hostingSite":"warpweb"}}}
[info] 
[info] 🎉🎉🎉 Your Firebase project is ready! 🎉🎉🎉
[info] 
[info] Project information:
[info]    - Project ID: warpweb
[info]    - Project Name: warpweb
[info] 
[info] Firebase console is available at
[info] https://console.firebase.google.com/project/warpweb/overview
[info] i  Using project warpweb (warpweb) 
[info] 
=== Hosting Setup
[debug] [2025-05-29T05:53:10.672Z] Checked if tokens are valid: true, expires at: 1748501490660
[debug] [2025-05-29T05:53:10.672Z] Checked if tokens are valid: true, expires at: 1748501490660
[debug] [2025-05-29T05:53:10.672Z] >>> [apiv2][query] GET https://firebase.googleapis.com/v1beta1/projects/warpweb [none]
[debug] [2025-05-29T05:53:11.240Z] <<< [apiv2][status] GET https://firebase.googleapis.com/v1beta1/projects/warpweb 200
[debug] [2025-05-29T05:53:11.240Z] <<< [apiv2][body] GET https://firebase.googleapis.com/v1beta1/projects/warpweb {"projectId":"warpweb","projectNumber":"1095854825858","displayName":"warpweb","name":"projects/warpweb","resources":{"hostingSite":"warpweb"},"state":"ACTIVE","etag":"1_3403724a-284a-464f-ba32-dd275fa86162"}
[debug] [2025-05-29T06:15:39.597Z] Error: Command failed: npx --yes create-next-app@"12 - 15.0" -e hello-world out --use-npm --ts
    at genericNodeError (node:internal/errors:984:15)
    at wrappedFn (node:internal/errors:538:14)
    at checkExecSyncError (node:child_process:891:11)
    at execSync (node:child_process:963:15)
    at Object.init (/nix/store/x1y0l2xj62jgmz6csprhhqzibvdggdpk-firebase-tools-14.3.1/lib/node_modules/firebase-tools/lib/frameworks/next/index.js:216:34)
    at async doSetup (/nix/store/x1y0l2xj62jgmz6csprhhqzibvdggdpk-firebase-tools-14.3.1/lib/node_modules/firebase-tools/lib/init/features/hosting/index.js:108:13)
    at async init (/nix/store/x1y0l2xj62jgmz6csprhhqzibvdggdpk-firebase-tools-14.3.1/lib/node_modules/firebase-tools/lib/init/index.js:41:9)
    at async Command.initAction [as actionFn] (/nix/store/x1y0l2xj62jgmz6csprhhqzibvdggdpk-firebase-tools-14.3.1/lib/node_modules/firebase-tools/lib/commands/init.js:187:5)
[error] 
[error] Error: An unexpected error has occurred.
